2018-09-05 11:25:03 - PHP Unknown:  Object of class stdClass could not be converted to string in D:\programfiles\OSPanel\domains\store.loc\catalog\model\catalog\product.php on line 9
2018-09-05 11:25:03 - PHP Unknown:  Object of class stdClass could not be converted to string in D:\programfiles\OSPanel\domains\store.loc\catalog\model\catalog\product.php on line 9
2018-09-05 11:25:03 - PHP Unknown:  Object of class stdClass could not be converted to string in D:\programfiles\OSPanel\domains\store.loc\catalog\model\catalog\product.php on line 9
2018-09-05 11:25:03 - PHP Unknown:  Object of class stdClass could not be converted to string in D:\programfiles\OSPanel\domains\store.loc\catalog\model\catalog\product.php on line 9
2018-09-05 11:25:23 - PHP Notice:  Array to string conversion in D:\programfiles\OSPanel\domains\store.loc\catalog\model\catalog\product.php on line 9
2018-09-05 11:25:23 - PHP Notice:  Array to string conversion in D:\programfiles\OSPanel\domains\store.loc\catalog\model\catalog\product.php on line 9
2018-09-05 11:25:23 - PHP Notice:  Array to string conversion in D:\programfiles\OSPanel\domains\store.loc\catalog\model\catalog\product.php on line 9
2018-09-05 11:25:23 - PHP Notice:  Array to string conversion in D:\programfiles\OSPanel\domains\store.loc\catalog\model\catalog\product.php on line 9
2018-09-06 5:44:09 - PHP Warning:  Cannot modify header information - headers already sent by (output started at D:\programfiles\OSPanel\domains\store.loc\admin\model\catalog\product.php:12) in D:\programfiles\OSPanel\domains\store.loc\system\library\response.php on line 36
2018-09-06 6:09:02 - PHP Warning:  Cannot modify header information - headers already sent by (output started at D:\programfiles\OSPanel\domains\store.loc\admin\model\catalog\product.php:12) in D:\programfiles\OSPanel\domains\store.loc\system\library\response.php on line 36
2018-09-06 6:10:05 - PHP Warning:  Cannot modify header information - headers already sent by (output started at D:\programfiles\OSPanel\domains\store.loc\admin\model\catalog\product.php:12) in D:\programfiles\OSPanel\domains\store.loc\system\library\response.php on line 36
2018-09-06 6:12:34 - PHP Notice:  Undefined index: product_description in D:\programfiles\OSPanel\domains\store.loc\admin\controller\catalog\product.php on line 589
2018-09-06 6:13:27 - PHP Notice:  Undefined index: product_description in D:\programfiles\OSPanel\domains\store.loc\admin\controller\catalog\product.php on line 592
2018-09-06 6:14:01 - PHP Notice:  Undefined index: product_id in D:\programfiles\OSPanel\domains\store.loc\admin\controller\catalog\product.php on line 592
2018-09-06 6:17:39 - PHP Notice:  Undefined index: product_description in D:\programfiles\OSPanel\domains\store.loc\admin\controller\catalog\product.php on line 589
2018-09-06 6:17:39 - PHP Notice:  Undefined index: product_id in D:\programfiles\OSPanel\domains\store.loc\admin\controller\catalog\product.php on line 592
2018-09-06 6:19:32 - PHP Warning:  Cannot modify header information - headers already sent by (output started at D:\programfiles\OSPanel\domains\store.loc\admin\model\catalog\product.php:12) in D:\programfiles\OSPanel\domains\store.loc\system\library\response.php on line 36
2018-09-06 6:20:00 - PHP Warning:  Cannot modify header information - headers already sent by (output started at D:\programfiles\OSPanel\domains\store.loc\admin\model\catalog\product.php:12) in D:\programfiles\OSPanel\domains\store.loc\system\library\response.php on line 36
2018-09-06 6:20:37 - PHP Notice:  Undefined index: product_description in D:\programfiles\OSPanel\domains\store.loc\admin\controller\catalog\product.php on line 589
2018-09-06 6:20:37 - PHP Notice:  Undefined index: product_id in D:\programfiles\OSPanel\domains\store.loc\admin\controller\catalog\product.php on line 592
2018-09-06 6:21:42 - PHP Warning:  Cannot modify header information - headers already sent by (output started at D:\programfiles\OSPanel\domains\store.loc\admin\model\catalog\product.php:12) in D:\programfiles\OSPanel\domains\store.loc\system\library\response.php on line 36
2018-09-06 6:39:16 - PHP Warning:  Cannot modify header information - headers already sent by (output started at D:\programfiles\OSPanel\domains\store.loc\admin\model\catalog\product.php:30) in D:\programfiles\OSPanel\domains\store.loc\system\library\response.php on line 36
2018-09-06 6:40:54 - PHP Warning:  Cannot modify header information - headers already sent by (output started at D:\programfiles\OSPanel\domains\store.loc\admin\model\catalog\product.php:30) in D:\programfiles\OSPanel\domains\store.loc\system\library\response.php on line 36
2018-09-06 6:42:41 - PHP Warning:  Cannot modify header information - headers already sent by (output started at D:\programfiles\OSPanel\domains\store.loc\admin\model\catalog\product.php:30) in D:\programfiles\OSPanel\domains\store.loc\system\library\response.php on line 36
2018-09-06 6:42:53 - PHP Warning:  Cannot modify header information - headers already sent by (output started at D:\programfiles\OSPanel\domains\store.loc\admin\model\catalog\product.php:30) in D:\programfiles\OSPanel\domains\store.loc\system\library\response.php on line 36
2018-09-06 6:43:02 - PHP Warning:  Cannot modify header information - headers already sent by (output started at D:\programfiles\OSPanel\domains\store.loc\admin\model\catalog\product.php:30) in D:\programfiles\OSPanel\domains\store.loc\system\library\response.php on line 36
2018-09-06 7:09:15 - PHP Notice:  Undefined index: product_id in D:\programfiles\OSPanel\domains\store.loc\catalog\model\catalog\product.php on line 10
2018-09-06 7:15:53 - PHP Notice:  Undefined index: product_id in D:\programfiles\OSPanel\domains\store.loc\catalog\model\catalog\product.php on line 10
2018-09-06 7:15:53 - PHP Notice:  Undefined index: product_id in D:\programfiles\OSPanel\domains\store.loc\catalog\model\catalog\product.php on line 10
2018-09-06 7:17:03 - PHP Notice:  Undefined variable: sizes in D:\programfiles\OSPanel\domains\store.loc\catalog\model\catalog\product.php on line 15
2018-09-06 7:17:03 - PHP Notice:  Undefined variable: sizes in D:\programfiles\OSPanel\domains\store.loc\catalog\model\catalog\product.php on line 15
2018-09-06 7:22:18 - PHP Notice:  Undefined variable: sizes in D:\programfiles\OSPanel\domains\store.loc\catalog\model\catalog\product.php on line 15
2018-09-06 7:22:18 - PHP Notice:  Undefined variable: sizes in D:\programfiles\OSPanel\domains\store.loc\catalog\model\catalog\product.php on line 15
2018-09-06 7:22:18 - PHP Notice:  Undefined variable: sizes in D:\programfiles\OSPanel\domains\store.loc\catalog\model\catalog\product.php on line 15
2018-09-06 7:22:18 - PHP Notice:  Undefined variable: sizes in D:\programfiles\OSPanel\domains\store.loc\catalog\model\catalog\product.php on line 15
2018-09-06 7:22:22 - PHP Notice:  Undefined variable: sizes in D:\programfiles\OSPanel\domains\store.loc\catalog\model\catalog\product.php on line 15
2018-09-06 7:22:22 - PHP Notice:  Undefined variable: sizes in D:\programfiles\OSPanel\domains\store.loc\catalog\model\catalog\product.php on line 15
2018-09-06 7:22:22 - PHP Notice:  Undefined variable: sizes in D:\programfiles\OSPanel\domains\store.loc\catalog\model\catalog\product.php on line 15
2018-09-06 7:49:51 - PHP Notice:  Undefined variable: sizes in D:\programfiles\OSPanel\domains\store.loc\catalog\model\catalog\product.php on line 22
2018-09-06 7:49:51 - PHP Notice:  Undefined variable: sizes in D:\programfiles\OSPanel\domains\store.loc\catalog\model\catalog\product.php on line 22
2018-09-06 7:49:51 - PHP Notice:  Undefined variable: sizes in D:\programfiles\OSPanel\domains\store.loc\catalog\model\catalog\product.php on line 22
2018-09-06 8:00:20 - PHP Notice:  Undefined index: sizes in D:\programfiles\OSPanel\domains\store.loc\catalog\model\catalog\product.php on line 28
2018-09-06 8:00:20 - PHP Notice:  Undefined index: sizes in D:\programfiles\OSPanel\domains\store.loc\catalog\model\catalog\product.php on line 28
2018-09-06 8:00:20 - PHP Notice:  Undefined index: sizes in D:\programfiles\OSPanel\domains\store.loc\catalog\model\catalog\product.php on line 28
2018-09-06 8:39:54 - PHP Notice:  Undefined variable: sizes_rows in D:\programfiles\OSPanel\domains\store.loc\catalog\model\catalog\product.php on line 18
2018-09-06 8:39:54 - PHP Notice:  Trying to get property of non-object in D:\programfiles\OSPanel\domains\store.loc\catalog\model\catalog\product.php on line 18
2018-09-06 8:39:54 - PHP Warning:  Invalid argument supplied for foreach() in D:\programfiles\OSPanel\domains\store.loc\catalog\model\catalog\product.php on line 18
2018-09-06 8:39:54 - PHP Notice:  Undefined variable: sizes_rows in D:\programfiles\OSPanel\domains\store.loc\catalog\model\catalog\product.php on line 18
2018-09-06 8:39:54 - PHP Notice:  Trying to get property of non-object in D:\programfiles\OSPanel\domains\store.loc\catalog\model\catalog\product.php on line 18
2018-09-06 8:39:54 - PHP Warning:  Invalid argument supplied for foreach() in D:\programfiles\OSPanel\domains\store.loc\catalog\model\catalog\product.php on line 18
2018-09-06 8:44:39 - PHP Notice:  Array to string conversion in D:\programfiles\OSPanel\domains\store.loc\system\library\template\Twig\Environment.php(403) : eval()'d code on line 394
2018-09-06 8:44:39 - PHP Notice:  Array to string conversion in D:\programfiles\OSPanel\domains\store.loc\system\library\template\Twig\Environment.php(403) : eval()'d code on line 394
2018-09-06 8:49:15 - PHP Notice:  Array to string conversion in D:\programfiles\OSPanel\domains\store.loc\system\library\template\Twig\Environment.php(403) : eval()'d code on line 394
2018-09-06 8:49:15 - PHP Notice:  Array to string conversion in D:\programfiles\OSPanel\domains\store.loc\system\library\template\Twig\Environment.php(403) : eval()'d code on line 403
2018-09-06 8:49:15 - PHP Notice:  Array to string conversion in D:\programfiles\OSPanel\domains\store.loc\system\library\template\Twig\Environment.php(403) : eval()'d code on line 403
2018-09-06 8:49:15 - PHP Notice:  Array to string conversion in D:\programfiles\OSPanel\domains\store.loc\system\library\template\Twig\Environment.php(403) : eval()'d code on line 403
2018-09-06 8:49:15 - PHP Notice:  Array to string conversion in D:\programfiles\OSPanel\domains\store.loc\system\library\template\Twig\Environment.php(403) : eval()'d code on line 394
2018-09-06 8:49:15 - PHP Notice:  Array to string conversion in D:\programfiles\OSPanel\domains\store.loc\system\library\template\Twig\Environment.php(403) : eval()'d code on line 403
2018-09-06 8:49:15 - PHP Notice:  Array to string conversion in D:\programfiles\OSPanel\domains\store.loc\system\library\template\Twig\Environment.php(403) : eval()'d code on line 403
2018-09-06 8:49:15 - PHP Notice:  Array to string conversion in D:\programfiles\OSPanel\domains\store.loc\system\library\template\Twig\Environment.php(403) : eval()'d code on line 403
2018-09-06 8:49:34 - PHP Notice:  Array to string conversion in D:\programfiles\OSPanel\domains\store.loc\system\library\template\Twig\Environment.php(403) : eval()'d code on line 394
2018-09-06 8:49:34 - PHP Notice:  Array to string conversion in D:\programfiles\OSPanel\domains\store.loc\system\library\template\Twig\Environment.php(403) : eval()'d code on line 394
2018-09-06 8:49:51 - PHP Notice:  Array to string conversion in D:\programfiles\OSPanel\domains\store.loc\system\library\template\Twig\Environment.php(403) : eval()'d code on line 394
2018-09-06 8:49:51 - PHP Notice:  Array to string conversion in D:\programfiles\OSPanel\domains\store.loc\system\library\template\Twig\Environment.php(403) : eval()'d code on line 394
2018-09-06 8:49:53 - PHP Notice:  Array to string conversion in D:\programfiles\OSPanel\domains\store.loc\system\library\template\Twig\Environment.php(403) : eval()'d code on line 394
2018-09-06 8:49:53 - PHP Notice:  Array to string conversion in D:\programfiles\OSPanel\domains\store.loc\system\library\template\Twig\Environment.php(403) : eval()'d code on line 394
2018-09-06 8:52:05 - PHP Notice:  Array to string conversion in D:\programfiles\OSPanel\domains\store.loc\system\library\template\Twig\Environment.php(403) : eval()'d code on line 394
2018-09-06 8:52:05 - PHP Notice:  Array to string conversion in D:\programfiles\OSPanel\domains\store.loc\system\library\template\Twig\Environment.php(403) : eval()'d code on line 394
2018-09-06 8:52:06 - PHP Notice:  Array to string conversion in D:\programfiles\OSPanel\domains\store.loc\system\library\template\Twig\Environment.php(403) : eval()'d code on line 394
2018-09-06 8:52:06 - PHP Notice:  Array to string conversion in D:\programfiles\OSPanel\domains\store.loc\system\library\template\Twig\Environment.php(403) : eval()'d code on line 394
2018-09-06 8:52:13 - PHP Notice:  Array to string conversion in D:\programfiles\OSPanel\domains\store.loc\system\library\template\Twig\Environment.php(403) : eval()'d code on line 394
2018-09-06 8:52:13 - PHP Notice:  Array to string conversion in D:\programfiles\OSPanel\domains\store.loc\system\library\template\Twig\Environment.php(403) : eval()'d code on line 394
2018-09-06 8:52:14 - PHP Notice:  Array to string conversion in D:\programfiles\OSPanel\domains\store.loc\system\library\template\Twig\Environment.php(403) : eval()'d code on line 394
2018-09-06 8:52:14 - PHP Notice:  Array to string conversion in D:\programfiles\OSPanel\domains\store.loc\system\library\template\Twig\Environment.php(403) : eval()'d code on line 394
2018-09-06 8:52:27 - PHP Notice:  Array to string conversion in D:\programfiles\OSPanel\domains\store.loc\system\library\template\Twig\Environment.php(403) : eval()'d code on line 394
2018-09-06 8:52:27 - PHP Notice:  Array to string conversion in D:\programfiles\OSPanel\domains\store.loc\system\library\template\Twig\Environment.php(403) : eval()'d code on line 394
2018-09-06 8:52:28 - PHP Notice:  Array to string conversion in D:\programfiles\OSPanel\domains\store.loc\system\library\template\Twig\Environment.php(403) : eval()'d code on line 394
2018-09-06 8:52:28 - PHP Notice:  Array to string conversion in D:\programfiles\OSPanel\domains\store.loc\system\library\template\Twig\Environment.php(403) : eval()'d code on line 394
2018-09-06 8:53:03 - PHP Notice:  Array to string conversion in D:\programfiles\OSPanel\domains\store.loc\system\library\template\Twig\Environment.php(403) : eval()'d code on line 394
2018-09-06 8:53:03 - PHP Notice:  Array to string conversion in D:\programfiles\OSPanel\domains\store.loc\system\library\template\Twig\Environment.php(403) : eval()'d code on line 394
2018-09-06 8:53:17 - PHP Notice:  Array to string conversion in D:\programfiles\OSPanel\domains\store.loc\system\library\template\Twig\Environment.php(403) : eval()'d code on line 394
2018-09-06 8:53:17 - PHP Notice:  Array to string conversion in D:\programfiles\OSPanel\domains\store.loc\system\library\template\Twig\Environment.php(403) : eval()'d code on line 394
2018-09-06 8:53:30 - PHP Notice:  Array to string conversion in D:\programfiles\OSPanel\domains\store.loc\system\library\template\Twig\Environment.php(403) : eval()'d code on line 394
2018-09-06 8:53:30 - PHP Notice:  Array to string conversion in D:\programfiles\OSPanel\domains\store.loc\system\library\template\Twig\Environment.php(403) : eval()'d code on line 394
2018-09-06 8:53:47 - PHP Notice:  Array to string conversion in D:\programfiles\OSPanel\domains\store.loc\system\library\template\Twig\Environment.php(403) : eval()'d code on line 394
2018-09-06 8:53:47 - PHP Notice:  Array to string conversion in D:\programfiles\OSPanel\domains\store.loc\system\library\template\Twig\Environment.php(403) : eval()'d code on line 394
2018-09-06 9:39:51 - PHP Notice:  Array to string conversion in D:\programfiles\OSPanel\domains\store.loc\system\library\template\Twig\Environment.php(403) : eval()'d code on line 938
2018-09-06 9:43:08 - PHP Notice:  Array to string conversion in D:\programfiles\OSPanel\domains\store.loc\system\library\template\Twig\Environment.php(403) : eval()'d code on line 946
2018-09-06 9:43:08 - PHP Notice:  Array to string conversion in D:\programfiles\OSPanel\domains\store.loc\system\library\template\Twig\Environment.php(403) : eval()'d code on line 946
2018-09-06 9:43:08 - PHP Notice:  Array to string conversion in D:\programfiles\OSPanel\domains\store.loc\system\library\template\Twig\Environment.php(403) : eval()'d code on line 946
2018-09-06 9:52:46 - PHP Notice:  Undefined index: sizes in D:\programfiles\OSPanel\domains\store.loc\catalog\controller\common\cart.php on line 99
2018-09-06 9:52:53 - PHP Notice:  Undefined index: sizes in D:\programfiles\OSPanel\domains\store.loc\catalog\controller\common\cart.php on line 99
2018-09-06 9:54:35 - PHP Notice:  Undefined index: sizes in D:\programfiles\OSPanel\domains\store.loc\catalog\controller\common\cart.php on line 99
2018-09-06 9:54:36 - PHP Notice:  Undefined index: sizes in D:\programfiles\OSPanel\domains\store.loc\catalog\controller\common\cart.php on line 99
2018-09-06 9:54:37 - PHP Notice:  Undefined index: sizes in D:\programfiles\OSPanel\domains\store.loc\catalog\controller\common\cart.php on line 99
2018-09-06 9:54:38 - PHP Notice:  Undefined index: sizes in D:\programfiles\OSPanel\domains\store.loc\catalog\controller\common\cart.php on line 99
2018-09-06 9:54:40 - PHP Notice:  Undefined index: sizes in D:\programfiles\OSPanel\domains\store.loc\catalog\controller\common\cart.php on line 99
2018-09-06 9:54:41 - PHP Notice:  Undefined index: sizes in D:\programfiles\OSPanel\domains\store.loc\catalog\controller\common\cart.php on line 99
2018-09-06 9:57:24 - PHP Notice:  Undefined index: sizes in D:\programfiles\OSPanel\domains\store.loc\catalog\controller\common\cart.php on line 99
2018-09-06 9:57:33 - PHP Notice:  Undefined index: sizes in D:\programfiles\OSPanel\domains\store.loc\catalog\controller\common\cart.php on line 99
2018-09-06 9:57:56 - PHP Notice:  Undefined index: sizes in D:\programfiles\OSPanel\domains\store.loc\catalog\controller\common\cart.php on line 99
2018-09-06 9:58:14 - PHP Notice:  Undefined index: sizes in D:\programfiles\OSPanel\domains\store.loc\catalog\controller\common\cart.php on line 99
2018-09-06 9:58:15 - PHP Notice:  Undefined index: sizes in D:\programfiles\OSPanel\domains\store.loc\catalog\controller\common\cart.php on line 99
2018-09-06 9:58:18 - PHP Notice:  Undefined index: sizes in D:\programfiles\OSPanel\domains\store.loc\catalog\controller\common\cart.php on line 99
2018-09-06 9:58:26 - PHP Notice:  Undefined index: sizes in D:\programfiles\OSPanel\domains\store.loc\catalog\controller\common\cart.php on line 99
2018-09-06 9:59:27 - PHP Notice:  Undefined index: sizes in D:\programfiles\OSPanel\domains\store.loc\catalog\controller\common\cart.php on line 99
2018-09-06 10:44:31 - PHP Notice:  Undefined index: sizes in D:\programfiles\OSPanel\domains\store.loc\catalog\controller\common\cart.php on line 99
2018-09-06 10:44:46 - PHP Notice:  Undefined index: sizes in D:\programfiles\OSPanel\domains\store.loc\catalog\controller\common\cart.php on line 99
2018-09-06 10:44:59 - PHP Notice:  Undefined index: sizes in D:\programfiles\OSPanel\domains\store.loc\catalog\controller\common\cart.php on line 99
2018-09-06 11:10:34 - PHP Notice:  Array to string conversion in D:\programfiles\OSPanel\domains\store.loc\system\library\cart\cart.php on line 273
2018-09-06 11:10:38 - PHP Notice:  Array to string conversion in D:\programfiles\OSPanel\domains\store.loc\system\library\cart\cart.php on line 273
2018-09-06 11:11:48 - PHP Notice:  Undefined index: sizes in D:\programfiles\OSPanel\domains\store.loc\catalog\controller\common\cart.php on line 99
2018-09-06 11:13:02 - PHP Notice:  Undefined index: sizes in D:\programfiles\OSPanel\domains\store.loc\catalog\controller\common\cart.php on line 99
2018-09-06 13:58:06 - PHP Notice:  Undefined variable: sizes_rows in D:\programfiles\OSPanel\domains\store.loc\catalog\model\catalog\product.php on line 18
2018-09-06 13:58:06 - PHP Notice:  Trying to get property of non-object in D:\programfiles\OSPanel\domains\store.loc\catalog\model\catalog\product.php on line 18
2018-09-06 13:58:06 - PHP Warning:  Invalid argument supplied for foreach() in D:\programfiles\OSPanel\domains\store.loc\catalog\model\catalog\product.php on line 18
2018-09-06 13:58:06 - PHP Notice:  Undefined variable: sizes_rows in D:\programfiles\OSPanel\domains\store.loc\catalog\model\catalog\product.php on line 18
2018-09-06 13:58:06 - PHP Notice:  Trying to get property of non-object in D:\programfiles\OSPanel\domains\store.loc\catalog\model\catalog\product.php on line 18
2018-09-06 13:58:06 - PHP Warning:  Invalid argument supplied for foreach() in D:\programfiles\OSPanel\domains\store.loc\catalog\model\catalog\product.php on line 18
2018-09-07 6:02:34 - PHP Notice:  Undefined variable: sizes_rows in D:\programfiles\OSPanel\domains\store.loc\catalog\model\catalog\product.php on line 18
2018-09-07 6:02:34 - PHP Notice:  Trying to get property of non-object in D:\programfiles\OSPanel\domains\store.loc\catalog\model\catalog\product.php on line 18
2018-09-07 6:02:34 - PHP Warning:  Invalid argument supplied for foreach() in D:\programfiles\OSPanel\domains\store.loc\catalog\model\catalog\product.php on line 18
2018-09-07 6:02:34 - PHP Notice:  Undefined variable: sizes_rows in D:\programfiles\OSPanel\domains\store.loc\catalog\model\catalog\product.php on line 18
2018-09-07 6:02:34 - PHP Notice:  Trying to get property of non-object in D:\programfiles\OSPanel\domains\store.loc\catalog\model\catalog\product.php on line 18
2018-09-07 6:02:34 - PHP Warning:  Invalid argument supplied for foreach() in D:\programfiles\OSPanel\domains\store.loc\catalog\model\catalog\product.php on line 18
2018-09-07 7:29:17 - PHP Notice:  Undefined variable: product_size in D:\programfiles\OSPanel\domains\store.loc\system\library\cart\cart.php on line 298
2018-09-07 7:30:57 - PHP Notice:  Undefined variable: product_size in D:\programfiles\OSPanel\domains\store.loc\system\library\cart\cart.php on line 298
2018-09-07 7:31:00 - PHP Notice:  Undefined variable: product_size in D:\programfiles\OSPanel\domains\store.loc\system\library\cart\cart.php on line 298
2018-09-07 7:31:03 - PHP Notice:  Undefined variable: product_size in D:\programfiles\OSPanel\domains\store.loc\system\library\cart\cart.php on line 298
2018-09-07 7:51:28 - PHP Notice:  Undefined variable: sizes_rows in D:\programfiles\OSPanel\domains\store.loc\catalog\model\catalog\product.php on line 18
2018-09-07 7:51:28 - PHP Notice:  Trying to get property of non-object in D:\programfiles\OSPanel\domains\store.loc\catalog\model\catalog\product.php on line 18
2018-09-07 7:51:28 - PHP Warning:  Invalid argument supplied for foreach() in D:\programfiles\OSPanel\domains\store.loc\catalog\model\catalog\product.php on line 18
2018-09-07 7:51:28 - PHP Notice:  Undefined variable: sizes_rows in D:\programfiles\OSPanel\domains\store.loc\catalog\model\catalog\product.php on line 18
2018-09-07 7:51:28 - PHP Notice:  Trying to get property of non-object in D:\programfiles\OSPanel\domains\store.loc\catalog\model\catalog\product.php on line 18
2018-09-07 7:51:28 - PHP Warning:  Invalid argument supplied for foreach() in D:\programfiles\OSPanel\domains\store.loc\catalog\model\catalog\product.php on line 18
2018-09-07 8:34:39 - PHP Notice:  Undefined index: product_size in D:\programfiles\OSPanel\domains\store.loc\catalog\controller\common\cart.php on line 99
2018-09-07 8:34:57 - PHP Notice:  Undefined index: product_size in D:\programfiles\OSPanel\domains\store.loc\catalog\controller\common\cart.php on line 99
2018-09-07 8:35:02 - PHP Notice:  Undefined index: product_size in D:\programfiles\OSPanel\domains\store.loc\catalog\controller\common\cart.php on line 99
2018-09-07 8:35:02 - PHP Notice:  Undefined index: product_size in D:\programfiles\OSPanel\domains\store.loc\catalog\controller\common\cart.php on line 99
2018-09-07 8:35:09 - PHP Notice:  Undefined index: product_size in D:\programfiles\OSPanel\domains\store.loc\catalog\controller\common\cart.php on line 99
2018-09-07 8:35:09 - PHP Notice:  Undefined index: product_size in D:\programfiles\OSPanel\domains\store.loc\catalog\controller\common\cart.php on line 99
2018-09-07 8:35:09 - PHP Notice:  Undefined index: product_size in D:\programfiles\OSPanel\domains\store.loc\catalog\controller\common\cart.php on line 99
2018-09-07 8:37:09 - PHP Notice:  Undefined index: product_size in D:\programfiles\OSPanel\domains\store.loc\catalog\controller\common\cart.php on line 99
2018-09-07 8:37:09 - PHP Notice:  Undefined index: product_size in D:\programfiles\OSPanel\domains\store.loc\catalog\controller\common\cart.php on line 99
2018-09-07 8:37:09 - PHP Notice:  Undefined index: product_size in D:\programfiles\OSPanel\domains\store.loc\catalog\controller\common\cart.php on line 99
2018-09-07 8:45:02 - PHP Notice:  Undefined variable: product_size in D:\programfiles\OSPanel\domains\store.loc\system\library\cart\cart.php on line 301
2018-09-07 8:48:07 - PHP Notice:  Undefined variable: product_size in D:\programfiles\OSPanel\domains\store.loc\system\library\cart\cart.php on line 296
2018-09-07 8:48:07 - PHP Notice:  Undefined variable: product_size in D:\programfiles\OSPanel\domains\store.loc\system\library\cart\cart.php on line 296
2018-09-07 8:48:07 - PHP Notice:  Undefined variable: product_size in D:\programfiles\OSPanel\domains\store.loc\system\library\cart\cart.php on line 296
2018-09-07 8:48:07 - PHP Warning:  Cannot modify header information - headers already sent by (output started at D:\programfiles\OSPanel\domains\store.loc\catalog\controller\startup\error.php:34) in D:\programfiles\OSPanel\domains\store.loc\system\library\response.php on line 36
2018-09-07 8:53:04 - PHP Warning:  Missing argument 5 for Cart\Cart::add(), called in D:\programfiles\OSPanel\domains\store.loc\catalog\controller\api\cart.php on line 21 and defined in D:\programfiles\OSPanel\domains\store.loc\system\library\cart\cart.php on line 278
2018-09-07 8:53:04 - PHP Notice:  Undefined variable: product_size in D:\programfiles\OSPanel\domains\store.loc\system\library\cart\cart.php on line 283
2018-09-07 8:53:04 - PHP Notice:  Undefined variable: product_size in D:\programfiles\OSPanel\domains\store.loc\system\library\cart\cart.php on line 287
2018-09-07 8:53:04 - PHP Warning:  Missing argument 5 for Cart\Cart::add(), called in D:\programfiles\OSPanel\domains\store.loc\catalog\controller\api\cart.php on line 21 and defined in D:\programfiles\OSPanel\domains\store.loc\system\library\cart\cart.php on line 278
2018-09-07 8:53:04 - PHP Notice:  Undefined variable: product_size in D:\programfiles\OSPanel\domains\store.loc\system\library\cart\cart.php on line 283
2018-09-07 8:53:04 - PHP Notice:  Undefined variable: product_size in D:\programfiles\OSPanel\domains\store.loc\system\library\cart\cart.php on line 290
2018-09-07 8:53:04 - PHP Warning:  Missing argument 5 for Cart\Cart::add(), called in D:\programfiles\OSPanel\domains\store.loc\catalog\controller\api\cart.php on line 21 and defined in D:\programfiles\OSPanel\domains\store.loc\system\library\cart\cart.php on line 278
2018-09-07 8:53:04 - PHP Notice:  Undefined variable: product_size in D:\programfiles\OSPanel\domains\store.loc\system\library\cart\cart.php on line 283
2018-09-07 8:53:04 - PHP Notice:  Undefined variable: product_size in D:\programfiles\OSPanel\domains\store.loc\system\library\cart\cart.php on line 290
2018-09-07 8:54:22 - PHP Notice:  Undefined variable: sizes_rows in D:\programfiles\OSPanel\domains\store.loc\catalog\model\catalog\product.php on line 18
2018-09-07 8:54:22 - PHP Notice:  Trying to get property of non-object in D:\programfiles\OSPanel\domains\store.loc\catalog\model\catalog\product.php on line 18
2018-09-07 8:54:22 - PHP Warning:  Invalid argument supplied for foreach() in D:\programfiles\OSPanel\domains\store.loc\catalog\model\catalog\product.php on line 18
2018-09-07 8:54:22 - PHP Notice:  Undefined variable: sizes_rows in D:\programfiles\OSPanel\domains\store.loc\catalog\model\catalog\product.php on line 18
2018-09-07 8:54:22 - PHP Notice:  Trying to get property of non-object in D:\programfiles\OSPanel\domains\store.loc\catalog\model\catalog\product.php on line 18
2018-09-07 8:54:22 - PHP Warning:  Invalid argument supplied for foreach() in D:\programfiles\OSPanel\domains\store.loc\catalog\model\catalog\product.php on line 18
2018-09-07 9:33:59 - PHP Notice:  Undefined variable: product_size in D:\programfiles\OSPanel\domains\store.loc\system\library\cart\cart.php on line 296
2018-09-07 9:33:59 - PHP Notice:  Undefined variable: product_size in D:\programfiles\OSPanel\domains\store.loc\system\library\cart\cart.php on line 296
2018-09-07 9:33:59 - PHP Notice:  Undefined variable: product_size in D:\programfiles\OSPanel\domains\store.loc\system\library\cart\cart.php on line 296
2018-09-07 9:33:59 - PHP Warning:  Cannot modify header information - headers already sent by (output started at D:\programfiles\OSPanel\domains\store.loc\catalog\controller\startup\error.php:34) in D:\programfiles\OSPanel\domains\store.loc\system\library\response.php on line 36
2018-09-07 9:34:04 - PHP Notice:  Undefined variable: product_size in D:\programfiles\OSPanel\domains\store.loc\system\library\cart\cart.php on line 296
2018-09-07 9:34:04 - PHP Notice:  Undefined variable: product_size in D:\programfiles\OSPanel\domains\store.loc\system\library\cart\cart.php on line 296
2018-09-07 9:34:04 - PHP Notice:  Undefined variable: product_size in D:\programfiles\OSPanel\domains\store.loc\system\library\cart\cart.php on line 296
2018-09-07 9:34:04 - PHP Warning:  Cannot modify header information - headers already sent by (output started at D:\programfiles\OSPanel\domains\store.loc\catalog\controller\startup\error.php:34) in D:\programfiles\OSPanel\domains\store.loc\system\library\response.php on line 36
2018-09-07 9:34:54 - PHP Notice:  Undefined variable: product_size in D:\programfiles\OSPanel\domains\store.loc\system\library\cart\cart.php on line 296
2018-09-07 9:34:54 - PHP Notice:  Undefined variable: product_size in D:\programfiles\OSPanel\domains\store.loc\system\library\cart\cart.php on line 296
2018-09-07 9:34:54 - PHP Notice:  Undefined variable: product_size in D:\programfiles\OSPanel\domains\store.loc\system\library\cart\cart.php on line 296
2018-09-07 9:34:54 - PHP Warning:  Cannot modify header information - headers already sent by (output started at D:\programfiles\OSPanel\domains\store.loc\catalog\controller\startup\error.php:34) in D:\programfiles\OSPanel\domains\store.loc\system\library\response.php on line 36
2018-09-07 10:57:15 - PHP Warning:  mysqli::real_escape_string() expects parameter 1 to be string, array given in D:\programfiles\OSPanel\domains\store.loc\system\library\db\mysqli.php on line 45
2018-09-07 10:57:15 - PHP Warning:  mysqli::real_escape_string() expects parameter 1 to be string, array given in D:\programfiles\OSPanel\domains\store.loc\system\library\db\mysqli.php on line 45
2018-09-07 10:57:15 - PHP Warning:  mysqli::real_escape_string() expects parameter 1 to be string, array given in D:\programfiles\OSPanel\domains\store.loc\system\library\db\mysqli.php on line 45
2018-09-07 10:57:15 - PHP Warning:  Cannot modify header information - headers already sent by (output started at D:\programfiles\OSPanel\domains\store.loc\catalog\controller\startup\error.php:34) in D:\programfiles\OSPanel\domains\store.loc\system\library\response.php on line 36
2018-09-07 11:41:30 - PHP Notice:  Undefined index: size in D:\programfiles\OSPanel\domains\store.loc\system\library\cart\cart.php on line 46
2018-09-07 11:42:10 - PHP Unknown:  Object of class stdClass could not be converted to string in D:\programfiles\OSPanel\domains\store.loc\system\library\cart\cart.php on line 47
2018-09-07 11:42:10 - PHP Unknown:  Object of class stdClass could not be converted to string in D:\programfiles\OSPanel\domains\store.loc\system\library\cart\cart.php on line 47
2018-09-07 11:42:10 - PHP Unknown:  Object of class stdClass could not be converted to string in D:\programfiles\OSPanel\domains\store.loc\system\library\cart\cart.php on line 47
2018-09-07 11:42:10 - PHP Unknown:  Object of class stdClass could not be converted to string in D:\programfiles\OSPanel\domains\store.loc\system\library\cart\cart.php on line 47
2018-09-07 11:42:10 - PHP Unknown:  Object of class stdClass could not be converted to string in D:\programfiles\OSPanel\domains\store.loc\system\library\cart\cart.php on line 47
2018-09-07 11:42:10 - PHP Unknown:  Object of class stdClass could not be converted to string in D:\programfiles\OSPanel\domains\store.loc\system\library\cart\cart.php on line 47
2018-09-07 11:42:10 - PHP Unknown:  Object of class stdClass could not be converted to string in D:\programfiles\OSPanel\domains\store.loc\system\library\cart\cart.php on line 47
2018-09-07 11:42:10 - PHP Unknown:  Object of class stdClass could not be converted to string in D:\programfiles\OSPanel\domains\store.loc\system\library\cart\cart.php on line 47
2018-09-07 11:42:10 - PHP Unknown:  Object of class stdClass could not be converted to string in D:\programfiles\OSPanel\domains\store.loc\system\library\cart\cart.php on line 47
2018-09-07 11:42:10 - PHP Unknown:  Object of class stdClass could not be converted to string in D:\programfiles\OSPanel\domains\store.loc\system\library\cart\cart.php on line 47
2018-09-07 11:42:10 - PHP Unknown:  Object of class stdClass could not be converted to string in D:\programfiles\OSPanel\domains\store.loc\system\library\cart\cart.php on line 47
2018-09-07 11:42:10 - PHP Unknown:  Object of class stdClass could not be converted to string in D:\programfiles\OSPanel\domains\store.loc\system\library\cart\cart.php on line 47
2018-09-07 11:42:10 - PHP Unknown:  Object of class stdClass could not be converted to string in D:\programfiles\OSPanel\domains\store.loc\system\library\cart\cart.php on line 47
2018-09-07 11:42:10 - PHP Unknown:  Object of class stdClass could not be converted to string in D:\programfiles\OSPanel\domains\store.loc\system\library\cart\cart.php on line 47
2018-09-07 11:42:10 - PHP Unknown:  Object of class stdClass could not be converted to string in D:\programfiles\OSPanel\domains\store.loc\system\library\cart\cart.php on line 47
2018-09-07 11:42:10 - PHP Unknown:  Object of class stdClass could not be converted to string in D:\programfiles\OSPanel\domains\store.loc\system\library\cart\cart.php on line 47
2018-09-07 11:42:10 - PHP Unknown:  Object of class stdClass could not be converted to string in D:\programfiles\OSPanel\domains\store.loc\system\library\cart\cart.php on line 47
2018-09-07 11:42:10 - PHP Unknown:  Object of class stdClass could not be converted to string in D:\programfiles\OSPanel\domains\store.loc\system\library\cart\cart.php on line 47
2018-09-07 11:42:10 - PHP Unknown:  Object of class stdClass could not be converted to string in D:\programfiles\OSPanel\domains\store.loc\system\library\cart\cart.php on line 47
2018-09-07 11:42:10 - PHP Unknown:  Object of class stdClass could not be converted to string in D:\programfiles\OSPanel\domains\store.loc\system\library\cart\cart.php on line 47
2018-09-07 11:42:10 - PHP Unknown:  Object of class stdClass could not be converted to string in D:\programfiles\OSPanel\domains\store.loc\system\library\cart\cart.php on line 47
2018-09-07 11:42:10 - PHP Unknown:  Object of class stdClass could not be converted to string in D:\programfiles\OSPanel\domains\store.loc\system\library\cart\cart.php on line 47
2018-09-07 11:42:10 - PHP Unknown:  Object of class stdClass could not be converted to string in D:\programfiles\OSPanel\domains\store.loc\system\library\cart\cart.php on line 47
2018-09-07 11:42:10 - PHP Unknown:  Object of class stdClass could not be converted to string in D:\programfiles\OSPanel\domains\store.loc\system\library\cart\cart.php on line 47
2018-09-07 11:42:10 - PHP Unknown:  Object of class stdClass could not be converted to string in D:\programfiles\OSPanel\domains\store.loc\system\library\cart\cart.php on line 47
2018-09-07 11:42:10 - PHP Unknown:  Object of class stdClass could not be converted to string in D:\programfiles\OSPanel\domains\store.loc\system\library\cart\cart.php on line 47
2018-09-07 11:42:10 - PHP Unknown:  Object of class stdClass could not be converted to string in D:\programfiles\OSPanel\domains\store.loc\system\library\cart\cart.php on line 47
2018-09-07 11:42:10 - PHP Unknown:  Object of class stdClass could not be converted to string in D:\programfiles\OSPanel\domains\store.loc\system\library\cart\cart.php on line 47
2018-09-07 11:42:10 - PHP Unknown:  Object of class stdClass could not be converted to string in D:\programfiles\OSPanel\domains\store.loc\system\library\cart\cart.php on line 47
2018-09-07 11:42:10 - PHP Unknown:  Object of class stdClass could not be converted to string in D:\programfiles\OSPanel\domains\store.loc\system\library\cart\cart.php on line 47
2018-09-07 11:42:10 - PHP Unknown:  Object of class stdClass could not be converted to string in D:\programfiles\OSPanel\domains\store.loc\system\library\cart\cart.php on line 47
2018-09-07 11:42:10 - PHP Unknown:  Object of class stdClass could not be converted to string in D:\programfiles\OSPanel\domains\store.loc\system\library\cart\cart.php on line 47
2018-09-07 11:42:10 - PHP Unknown:  Object of class stdClass could not be converted to string in D:\programfiles\OSPanel\domains\store.loc\system\library\cart\cart.php on line 47
2018-09-07 11:42:10 - PHP Unknown:  Object of class stdClass could not be converted to string in D:\programfiles\OSPanel\domains\store.loc\system\library\cart\cart.php on line 47
2018-09-07 11:42:10 - PHP Unknown:  Object of class stdClass could not be converted to string in D:\programfiles\OSPanel\domains\store.loc\system\library\cart\cart.php on line 47
2018-09-07 11:42:10 - PHP Unknown:  Object of class stdClass could not be converted to string in D:\programfiles\OSPanel\domains\store.loc\system\library\cart\cart.php on line 47
2018-09-07 11:42:10 - PHP Unknown:  Object of class stdClass could not be converted to string in D:\programfiles\OSPanel\domains\store.loc\system\library\cart\cart.php on line 47
2018-09-07 11:42:10 - PHP Unknown:  Object of class stdClass could not be converted to string in D:\programfiles\OSPanel\domains\store.loc\system\library\cart\cart.php on line 47
2018-09-07 11:42:10 - PHP Unknown:  Object of class stdClass could not be converted to string in D:\programfiles\OSPanel\domains\store.loc\system\library\cart\cart.php on line 47
2018-09-07 11:42:10 - PHP Unknown:  Object of class stdClass could not be converted to string in D:\programfiles\OSPanel\domains\store.loc\system\library\cart\cart.php on line 47
2018-09-07 11:42:10 - PHP Unknown:  Object of class stdClass could not be converted to string in D:\programfiles\OSPanel\domains\store.loc\system\library\cart\cart.php on line 47
2018-09-07 11:42:10 - PHP Unknown:  Object of class stdClass could not be converted to string in D:\programfiles\OSPanel\domains\store.loc\system\library\cart\cart.php on line 47
2018-09-07 11:46:40 - PHP Notice:  Undefined variable: product_size in D:\programfiles\OSPanel\domains\store.loc\system\library\cart\cart.php on line 224
2018-09-07 11:46:40 - PHP Notice:  Trying to get property of non-object in D:\programfiles\OSPanel\domains\store.loc\system\library\cart\cart.php on line 224
2018-09-07 11:46:40 - PHP Notice:  Undefined variable: product_size in D:\programfiles\OSPanel\domains\store.loc\system\library\cart\cart.php on line 224
2018-09-07 11:46:40 - PHP Notice:  Trying to get property of non-object in D:\programfiles\OSPanel\domains\store.loc\system\library\cart\cart.php on line 224
2018-09-07 11:46:40 - PHP Notice:  Undefined variable: product_size in D:\programfiles\OSPanel\domains\store.loc\system\library\cart\cart.php on line 224
2018-09-07 11:46:40 - PHP Notice:  Trying to get property of non-object in D:\programfiles\OSPanel\domains\store.loc\system\library\cart\cart.php on line 224
2018-09-07 11:46:40 - PHP Notice:  Undefined variable: product_size in D:\programfiles\OSPanel\domains\store.loc\system\library\cart\cart.php on line 224
2018-09-07 11:46:40 - PHP Notice:  Trying to get property of non-object in D:\programfiles\OSPanel\domains\store.loc\system\library\cart\cart.php on line 224
2018-09-07 11:46:40 - PHP Notice:  Undefined variable: product_size in D:\programfiles\OSPanel\domains\store.loc\system\library\cart\cart.php on line 224
2018-09-07 11:46:40 - PHP Notice:  Trying to get property of non-object in D:\programfiles\OSPanel\domains\store.loc\system\library\cart\cart.php on line 224
2018-09-07 11:46:40 - PHP Notice:  Undefined variable: product_size in D:\programfiles\OSPanel\domains\store.loc\system\library\cart\cart.php on line 224
2018-09-07 11:46:40 - PHP Notice:  Trying to get property of non-object in D:\programfiles\OSPanel\domains\store.loc\system\library\cart\cart.php on line 224
2018-09-07 11:46:40 - PHP Notice:  Undefined variable: product_size in D:\programfiles\OSPanel\domains\store.loc\system\library\cart\cart.php on line 224
2018-09-07 11:46:40 - PHP Notice:  Trying to get property of non-object in D:\programfiles\OSPanel\domains\store.loc\system\library\cart\cart.php on line 224
2018-09-07 11:46:40 - PHP Notice:  Undefined variable: product_size in D:\programfiles\OSPanel\domains\store.loc\system\library\cart\cart.php on line 224
2018-09-07 11:46:40 - PHP Notice:  Trying to get property of non-object in D:\programfiles\OSPanel\domains\store.loc\system\library\cart\cart.php on line 224
2018-09-07 11:46:40 - PHP Notice:  Undefined variable: product_size in D:\programfiles\OSPanel\domains\store.loc\system\library\cart\cart.php on line 224
2018-09-07 11:46:40 - PHP Notice:  Trying to get property of non-object in D:\programfiles\OSPanel\domains\store.loc\system\library\cart\cart.php on line 224
2018-09-07 11:46:40 - PHP Notice:  Undefined variable: product_size in D:\programfiles\OSPanel\domains\store.loc\system\library\cart\cart.php on line 224
2018-09-07 11:46:40 - PHP Notice:  Trying to get property of non-object in D:\programfiles\OSPanel\domains\store.loc\system\library\cart\cart.php on line 224
2018-09-07 11:46:40 - PHP Notice:  Undefined variable: product_size in D:\programfiles\OSPanel\domains\store.loc\system\library\cart\cart.php on line 224
2018-09-07 11:46:40 - PHP Notice:  Trying to get property of non-object in D:\programfiles\OSPanel\domains\store.loc\system\library\cart\cart.php on line 224
2018-09-07 11:46:40 - PHP Notice:  Undefined variable: product_size in D:\programfiles\OSPanel\domains\store.loc\system\library\cart\cart.php on line 224
2018-09-07 11:46:40 - PHP Notice:  Trying to get property of non-object in D:\programfiles\OSPanel\domains\store.loc\system\library\cart\cart.php on line 224
2018-09-07 11:46:40 - PHP Notice:  Undefined variable: product_size in D:\programfiles\OSPanel\domains\store.loc\system\library\cart\cart.php on line 224
2018-09-07 11:46:40 - PHP Notice:  Trying to get property of non-object in D:\programfiles\OSPanel\domains\store.loc\system\library\cart\cart.php on line 224
2018-09-07 11:46:40 - PHP Notice:  Undefined variable: product_size in D:\programfiles\OSPanel\domains\store.loc\system\library\cart\cart.php on line 224
2018-09-07 11:46:40 - PHP Notice:  Trying to get property of non-object in D:\programfiles\OSPanel\domains\store.loc\system\library\cart\cart.php on line 224
2018-09-07 11:46:40 - PHP Notice:  Undefined variable: product_size in D:\programfiles\OSPanel\domains\store.loc\system\library\cart\cart.php on line 224
2018-09-07 11:46:40 - PHP Notice:  Trying to get property of non-object in D:\programfiles\OSPanel\domains\store.loc\system\library\cart\cart.php on line 224
2018-09-07 11:46:40 - PHP Notice:  Undefined variable: product_size in D:\programfiles\OSPanel\domains\store.loc\system\library\cart\cart.php on line 224
2018-09-07 11:46:40 - PHP Notice:  Trying to get property of non-object in D:\programfiles\OSPanel\domains\store.loc\system\library\cart\cart.php on line 224
2018-09-07 11:46:40 - PHP Notice:  Undefined variable: product_size in D:\programfiles\OSPanel\domains\store.loc\system\library\cart\cart.php on line 224
2018-09-07 11:46:40 - PHP Notice:  Trying to get property of non-object in D:\programfiles\OSPanel\domains\store.loc\system\library\cart\cart.php on line 224
2018-09-07 11:46:40 - PHP Notice:  Undefined variable: product_size in D:\programfiles\OSPanel\domains\store.loc\system\library\cart\cart.php on line 224
2018-09-07 11:46:40 - PHP Notice:  Trying to get property of non-object in D:\programfiles\OSPanel\domains\store.loc\system\library\cart\cart.php on line 224
2018-09-07 11:46:40 - PHP Notice:  Undefined variable: product_size in D:\programfiles\OSPanel\domains\store.loc\system\library\cart\cart.php on line 224
2018-09-07 11:46:40 - PHP Notice:  Trying to get property of non-object in D:\programfiles\OSPanel\domains\store.loc\system\library\cart\cart.php on line 224
2018-09-07 11:46:40 - PHP Notice:  Undefined variable: product_size in D:\programfiles\OSPanel\domains\store.loc\system\library\cart\cart.php on line 224
2018-09-07 11:46:40 - PHP Notice:  Trying to get property of non-object in D:\programfiles\OSPanel\domains\store.loc\system\library\cart\cart.php on line 224
2018-09-07 11:46:40 - PHP Notice:  Undefined variable: product_size in D:\programfiles\OSPanel\domains\store.loc\system\library\cart\cart.php on line 224
2018-09-07 11:46:40 - PHP Notice:  Trying to get property of non-object in D:\programfiles\OSPanel\domains\store.loc\system\library\cart\cart.php on line 224
2018-09-07 11:46:40 - PHP Notice:  Undefined variable: product_size in D:\programfiles\OSPanel\domains\store.loc\system\library\cart\cart.php on line 224
2018-09-07 11:46:40 - PHP Notice:  Trying to get property of non-object in D:\programfiles\OSPanel\domains\store.loc\system\library\cart\cart.php on line 224
2018-09-07 11:46:40 - PHP Notice:  Undefined variable: product_size in D:\programfiles\OSPanel\domains\store.loc\system\library\cart\cart.php on line 224
2018-09-07 11:46:40 - PHP Notice:  Trying to get property of non-object in D:\programfiles\OSPanel\domains\store.loc\system\library\cart\cart.php on line 224
2018-09-07 11:46:40 - PHP Notice:  Undefined variable: product_size in D:\programfiles\OSPanel\domains\store.loc\system\library\cart\cart.php on line 224
2018-09-07 11:46:40 - PHP Notice:  Trying to get property of non-object in D:\programfiles\OSPanel\domains\store.loc\system\library\cart\cart.php on line 224
2018-09-07 11:46:40 - PHP Notice:  Undefined variable: product_size in D:\programfiles\OSPanel\domains\store.loc\system\library\cart\cart.php on line 224
2018-09-07 11:46:40 - PHP Notice:  Trying to get property of non-object in D:\programfiles\OSPanel\domains\store.loc\system\library\cart\cart.php on line 224
2018-09-07 11:46:40 - PHP Notice:  Undefined variable: product_size in D:\programfiles\OSPanel\domains\store.loc\system\library\cart\cart.php on line 224
2018-09-07 11:46:40 - PHP Notice:  Trying to get property of non-object in D:\programfiles\OSPanel\domains\store.loc\system\library\cart\cart.php on line 224
2018-09-07 11:46:40 - PHP Notice:  Undefined variable: product_size in D:\programfiles\OSPanel\domains\store.loc\system\library\cart\cart.php on line 224
2018-09-07 11:46:40 - PHP Notice:  Trying to get property of non-object in D:\programfiles\OSPanel\domains\store.loc\system\library\cart\cart.php on line 224
2018-09-07 11:46:40 - PHP Notice:  Undefined variable: product_size in D:\programfiles\OSPanel\domains\store.loc\system\library\cart\cart.php on line 224
2018-09-07 11:46:40 - PHP Notice:  Trying to get property of non-object in D:\programfiles\OSPanel\domains\store.loc\system\library\cart\cart.php on line 224
2018-09-07 11:46:40 - PHP Notice:  Undefined variable: product_size in D:\programfiles\OSPanel\domains\store.loc\system\library\cart\cart.php on line 224
2018-09-07 11:46:40 - PHP Notice:  Trying to get property of non-object in D:\programfiles\OSPanel\domains\store.loc\system\library\cart\cart.php on line 224
2018-09-07 11:46:40 - PHP Notice:  Undefined variable: product_size in D:\programfiles\OSPanel\domains\store.loc\system\library\cart\cart.php on line 224
2018-09-07 11:46:40 - PHP Notice:  Trying to get property of non-object in D:\programfiles\OSPanel\domains\store.loc\system\library\cart\cart.php on line 224
2018-09-07 11:46:40 - PHP Notice:  Undefined variable: product_size in D:\programfiles\OSPanel\domains\store.loc\system\library\cart\cart.php on line 224
2018-09-07 11:46:40 - PHP Notice:  Trying to get property of non-object in D:\programfiles\OSPanel\domains\store.loc\system\library\cart\cart.php on line 224
2018-09-07 11:46:40 - PHP Notice:  Undefined variable: product_size in D:\programfiles\OSPanel\domains\store.loc\system\library\cart\cart.php on line 224
2018-09-07 11:46:40 - PHP Notice:  Trying to get property of non-object in D:\programfiles\OSPanel\domains\store.loc\system\library\cart\cart.php on line 224
2018-09-07 11:46:40 - PHP Notice:  Undefined variable: product_size in D:\programfiles\OSPanel\domains\store.loc\system\library\cart\cart.php on line 224
2018-09-07 11:46:40 - PHP Notice:  Trying to get property of non-object in D:\programfiles\OSPanel\domains\store.loc\system\library\cart\cart.php on line 224
2018-09-07 11:46:40 - PHP Notice:  Undefined variable: product_size in D:\programfiles\OSPanel\domains\store.loc\system\library\cart\cart.php on line 224
2018-09-07 11:46:40 - PHP Notice:  Trying to get property of non-object in D:\programfiles\OSPanel\domains\store.loc\system\library\cart\cart.php on line 224
2018-09-07 11:46:40 - PHP Notice:  Undefined variable: product_size in D:\programfiles\OSPanel\domains\store.loc\system\library\cart\cart.php on line 224
2018-09-07 11:46:40 - PHP Notice:  Trying to get property of non-object in D:\programfiles\OSPanel\domains\store.loc\system\library\cart\cart.php on line 224
2018-09-07 11:46:40 - PHP Notice:  Undefined variable: product_size in D:\programfiles\OSPanel\domains\store.loc\system\library\cart\cart.php on line 224
2018-09-07 11:46:40 - PHP Notice:  Trying to get property of non-object in D:\programfiles\OSPanel\domains\store.loc\system\library\cart\cart.php on line 224
2018-09-07 11:46:40 - PHP Notice:  Undefined variable: product_size in D:\programfiles\OSPanel\domains\store.loc\system\library\cart\cart.php on line 224
2018-09-07 11:46:40 - PHP Notice:  Trying to get property of non-object in D:\programfiles\OSPanel\domains\store.loc\system\library\cart\cart.php on line 224
2018-09-07 11:46:40 - PHP Notice:  Undefined variable: product_size in D:\programfiles\OSPanel\domains\store.loc\system\library\cart\cart.php on line 224
2018-09-07 11:46:40 - PHP Notice:  Trying to get property of non-object in D:\programfiles\OSPanel\domains\store.loc\system\library\cart\cart.php on line 224
2018-09-07 11:46:40 - PHP Notice:  Undefined variable: product_size in D:\programfiles\OSPanel\domains\store.loc\system\library\cart\cart.php on line 224
2018-09-07 11:46:40 - PHP Notice:  Trying to get property of non-object in D:\programfiles\OSPanel\domains\store.loc\system\library\cart\cart.php on line 224
2018-09-07 11:46:40 - PHP Notice:  Undefined variable: product_size in D:\programfiles\OSPanel\domains\store.loc\system\library\cart\cart.php on line 224
2018-09-07 11:46:40 - PHP Notice:  Trying to get property of non-object in D:\programfiles\OSPanel\domains\store.loc\system\library\cart\cart.php on line 224
2018-09-07 11:46:40 - PHP Notice:  Undefined variable: product_size in D:\programfiles\OSPanel\domains\store.loc\system\library\cart\cart.php on line 224
2018-09-07 11:46:40 - PHP Notice:  Trying to get property of non-object in D:\programfiles\OSPanel\domains\store.loc\system\library\cart\cart.php on line 224
2018-09-07 11:46:40 - PHP Notice:  Undefined variable: product_size in D:\programfiles\OSPanel\domains\store.loc\system\library\cart\cart.php on line 224
2018-09-07 11:46:40 - PHP Notice:  Trying to get property of non-object in D:\programfiles\OSPanel\domains\store.loc\system\library\cart\cart.php on line 224
2018-09-07 11:58:42 - PHP Warning:  Missing argument 5 for Cart\Cart::add(), called in D:\programfiles\OSPanel\domains\store.loc\catalog\controller\api\cart.php on line 21 and defined in D:\programfiles\OSPanel\domains\store.loc\system\library\cart\cart.php on line 289
2018-09-07 11:58:42 - PHP Notice:  Undefined variable: product_size in D:\programfiles\OSPanel\domains\store.loc\system\library\cart\cart.php on line 294
2018-09-07 11:58:42 - PHP Notice:  Undefined variable: product_size in D:\programfiles\OSPanel\domains\store.loc\system\library\cart\cart.php on line 298
2018-09-07 12:31:47 - PHP Warning:  unlink(D:/programfiles/OSPanel/domains/store.loc/system/storage/cache/cache.catalog.language.1536327107): Permission denied in D:\programfiles\OSPanel\domains\store.loc\system\library\cache\file.php on line 68
